

> web@0.1.0 build
> next build

[1G[0K  [1m[38;2;173;127;168m▲ Next.js 14.2.31[39m[22m

 [37m[1m [22m[39m Creating an optimized production build ...
 [32m[1m✓[22m[39m Compiled successfully
[?25l [37m[1m [22m[39m Linting and checking validity of types  [36m.[39m[2K[1G[1A[2K[1G [37m[1m [22m[39m Linting and checking validity of types  [36m..[39m[2K[1G[1A[2K[1G [37m[1m [22m[39m Linting and checking validity of types  [36m...[39m[2K[1G[1A[2K[1G [37m[1m [22m[39m Linting and checking validity of types  [36m.[39m[2K[1G[1A[2K[1G [37m[1m [22m[39m Linting and checking validity of types  [36m..[39m[2K[1G[1A[2K[1G [37m[1m [22m[39m Linting and checking validity of types  [36m...[39m[2K[1G[1A[2K[1G [37m[1m [22m[39m Linting and checking validity of types  [36m.[39m[2K[1G[1A[2K[1G [37m[1m [22m[39m Linting and checking validity of types  [36m..[39m[2K[1G[1A[2K[1G [37m[1m [22m[39m Linting and checking validity of types  [36m...[39m[2K[1G[1A[2K[1G [37m[1m [22m[39m Linting and checking validity of types  [36m.[39m[2K[1G[1A[2K[1G[?25h [37m[1m [22m[39m Linting and checking validity of types     [32m[1m✓[22m[39m Linting and checking validity of types 
[?25l [37m[1m [22m[39m Collecting page data  [36m.[39m[2K[1G [37m[1m [22m[39m Collecting page data  [36m..[39m[2K[1G[?25h [37m[1m [22m[39m Collecting page data     [32m[1m✓[22m[39m Collecting page data 
[?25l [37m[1m [22m[39m Generating static pages (0/18)  [36m[    ][39m[2K[1G[1A[2K[1G [37m[1m [22m[39m Generating static pages (0/18)  [36m[=   ][39m[2K[1G[1A[2K[1G [37m[1m [22m[39m Generating static pages (9/18)  [36m[==  ][39m[2K[1G[1A[2K[1G[?25h [32m[1m✓[22m[39m Generating static pages (18/18)
[?25l [37m[1m [22m[39m Finalizing page optimization  [36m.[39m[?25l [37m[1m [22m[39m Collecting build traces  [36m.[39m[2K[1G [37m[1m [22m[39m Finalizing page optimization  [36m..[39m[2K[1G [37m[1m [22m[39m Collecting build traces  [36m..[39m[2K[1G [37m[1m [22m[39m Finalizing page optimization  [36m...[39m[2K[1G [37m[1m [22m[39m Collecting build traces  [36m...[39m[2K[1G [37m[1m [22m[39m Finalizing page optimization  [36m.[39m[2K[1G [37m[1m [22m[39m Collecting build traces  [36m.[39m[2K[1G [37m[1m [22m[39m Finalizing page optimization  [36m..[39m[2K[1G [37m[1m [22m[39m Collecting build traces  [36m..[39m[2K[1G [37m[1m [22m[39m Finalizing page optimization  [36m...[39m[2K[1G [37m[1m [22m[39m Collecting build traces  [36m...[39m[2K[1G [37m[1m [22m[39m Finalizing page optimization  [36m.[39m[2K[1G [37m[1m [22m[39m Collecting build traces  [36m.[39m[2K[1G [37m[1m [22m[39m Finalizing page optimization  [36m..[39m[2K[1G [37m[1m [22m[39m Collecting build traces  [36m..[39m[2K[1G [37m[1m [22m[39m Finalizing page optimization  [36m...[39m[2K[1G [37m[1m [22m[39m Collecting build traces  [36m...[39m[2K[1G [37m[1m [22m[39m Finalizing page optimization  [36m.[39m[2K[1G [37m[1m [22m[39m Collecting build traces  [36m.[39m[2K[1G [37m[1m [22m[39m Finalizing page optimization  [36m..[39m[2K[1G [37m[1m [22m[39m Collecting build traces  [36m..[39m[2K[1G [37m[1m [22m[39m Finalizing page optimization  [36m...[39m[2K[1G [37m[1m [22m[39m Collecting build traces  [36m...[39m[2K[1G [37m[1m [22m[39m Finalizing page optimization  [36m.[39m[2K[1G [37m[1m [22m[39m Collecting build traces  [36m.[39m[2K[1G[?25h [37m[1m [22m[39m Collecting build traces     [32m[1m✓[22m[39m Collecting build traces 
[2K[1G[?25h [37m[1m [22m[39m Finalizing page optimization     [32m[1m✓[22m[39m Finalizing page optimization 

[4mRoute (app)[24m                              [4mSize[24m     [4mFirst Load JS[24m
┌ ○ /                                    884 B           [37m[1m105 kB[22m[39m
├ ○ /_not-found                          873 B            [37m[1m88 kB[22m[39m
├ ○ /calendar                            1.46 kB         [37m[1m106 kB[22m[39m
├ ○ /emotion                             1.06 kB         [37m[1m105 kB[22m[39m
├ ○ /emotion/analysis                    888 B           [37m[1m105 kB[22m[39m
├ ○ /emotion/final                       1.15 kB         [37m[1m106 kB[22m[39m
├ ○ /emotion/input                       1.06 kB         [37m[1m105 kB[22m[39m
├ ○ /emotion/record                      1.2 kB          [37m[1m106 kB[22m[39m
├ ○ /emotion/result                      1.39 kB         [37m[1m106 kB[22m[39m
├ ○ /emotion/select                      1.12 kB         [37m[1m106 kB[22m[39m
├ ○ /emotion/skip                        1.01 kB         [37m[1m105 kB[22m[39m
├ ○ /emotion/write                       1.02 kB         [37m[1m105 kB[22m[39m
├ ○ /feed                                1.33 kB         [37m[1m106 kB[22m[39m
├ ƒ /feed/[id]                           1.82 kB         [37m[1m106 kB[22m[39m
├ ○ /onboarding                          1.13 kB         [37m[1m106 kB[22m[39m
└ ○ /profile                             1.38 kB         [37m[1m106 kB[22m[39m
+ First Load JS shared by all            [37m[1m87.2 kB[22m[39m
  ├ chunks/1dd3208c-957a5bb385c3c5ab.js  53.6 kB
  ├ chunks/528-8076b6cf47da6479.js       31.6 kB
  └ other shared chunks (total)          1.96 kB


○  (Static)   prerendered as static content
ƒ  (Dynamic)  server-rendered on demand

[?25h[1G[0K⠙[1G[0K
